version: (200506)

available memory: 64M bytes
used memory: 286720 bytes [need 280K bytes if disable swap]

used block: 7 [memory(7) file(0)]
                 [ 8K(3) 64K(4) { total 280K bytes } ]
overhead: (9538) bytes for (7) blocks [Average: (1362) bytes/block]

write  => 0(times) 0K(bytes) [0K bytes to file]
read   => 4(times) 19K(bytes) [4K bytes compressed data from file]
access => 233029(times) 1829M(bytes)
          [hit ratio: 99.9983%]

time: write(0) read(0)  unit: second

swap file directory: (/home/st62/HW4/verdiLog)
used swap file number: (5)



swap file manager:
arrSize: (256)
idxCnt: (6)
closeHead: (1)
closeTail: (5)
openCnt: (5)
fid(5): fd(1073741827) fileName(/home/st62/HW4/simv.daidir/kdb.elab++/work.lib++/mem_if.sv#inc___vcs_unit__1__1#.tdc)
	size(1439) lastModTime(1777723872) curModTime(1777723872)
	mode(rb)	hot(0) cool(4) pos(0)
fid(4): fd(1073741826) fileName(/home/st62/HW4/simv.daidir/kdb.elab++/work.lib++/test.sv#inc___vcs_unit__1__3#.tdc)
	size(3642) lastModTime(1777723872) curModTime(1777723872)
	mode(rb)	hot(5) cool(3) pos(0)
fid(3): fd(1073741825) fileName(/home/st62/HW4/simv.daidir/kdb.elab++/work.lib++/mem_pkg.sv#inc___vcs_unit__1__4#.tdc)
	size(2185) lastModTime(1777723872) curModTime(1777723872)
	mode(rb)	hot(4) cool(2) pos(0)
fid(2): fd(34) fileName(/home/st62/HW4/verdiLog/_swap_0001#8323328#29760)
	size(0) lastModTime(0) curModTime(1777723915)
	mode(w+b)	hot(3) cool(1) pos(0)
fid(1): fd(1073741824) fileName(/home/st62/HW4/simv.daidir/kdb.elab++/work.lib++/top.sv.tdc)
	size(979) lastModTime(1777723872) curModTime(1777723872)
	mode(rb)	hot(2) cool(0) pos(0)
fid(0): fd(0) fileName(NULL)
	mode(NULL)	hot(0) cool(0) pos(0)
==================================================
mySelf(0x17933a90) pre(0x190a7f00) next((nil))
version(200506)
date(Nov 14 2022 02:32:13)
